#
# There is insufficient memory for the Java Runtime Environment to continue.
# Native memory allocation (malloc) failed to allocate 1048576 bytes. Error detail: AllocateHeap
# Possible reasons:
#   The system is out of physical RAM or swap space
#   This process is running with CompressedOops enabled, and the Java Heap may be blocking the growth of the native heap
# Possible solutions:
#   Reduce memory load on the system
#   Increase physical memory or swap space
#   Check if swap backing store is full
#   Decrease Java heap size (-Xmx/-Xms)
#   Decrease number of Java threads
#   Decrease Java thread stack sizes (-Xss)
#   Set larger code cache with -XX:ReservedCodeCacheSize=
#   JVM is running with Unscaled Compressed Oops mode in which the Java heap is
#     placed in the first 4GB address space. The Java Heap base address is the
#     maximum limit for the native heap growth. Please use -XX:HeapBaseMinAddress
#     to set the Java Heap base and to place the Java Heap above 4GB virtual address.
# This output file may be truncated or incomplete.
#
#  Out of Memory Error (allocation.cpp:44), pid=11752, tid=18976
#
# JRE version:  (21.0.8+9) (build )
# Java VM: OpenJDK 64-Bit Server VM (21.0.8+9-LTS, mixed mode, sharing, tiered, compressed oops, compressed class ptrs, parallel gc, windows-amd64)
# No core dump will be written. Minidumps are not enabled by default on client versions of Windows
#

---------------  S U M M A R Y ------------

Command Line: --add-modules=ALL-SYSTEM --add-opens=java.base/java.util=ALL-UNNAMED --add-opens=java.base/java.lang=ALL-UNNAMED --add-opens=java.base/sun.nio.fs=ALL-UNNAMED -Declipse.application=org.eclipse.jdt.ls.core.id1 -Dosgi.bundles.defaultStartLevel=4 -Declipse.product=org.eclipse.jdt.ls.core.product -Djava.import.generatesMetadataFilesAtProjectRoot=false -DDetectVMInstallationsJob.disabled=true -Dfile.encoding=utf8 -XX:+UseParallelGC -XX:GCTimeRatio=4 -XX:AdaptiveSizePolicyWeight=90 -Dsun.zip.disableMemoryMapping=true -Xmx2G -Xms100m -Xlog:disable -javaagent:c:\Users\Etudiant\.vscode\extensions\redhat.java-1.46.2025090608-win32-x64\lombok\lombok-1.18.39-4050.jar c:\Users\Etudiant\.vscode\extensions\redhat.java-1.46.2025090608-win32-x64\server\plugins\org.eclipse.equinox.launcher_1.7.0.v20250519-0528.jar -configuration c:\Users\Etudiant\AppData\Roaming\Code\User\globalStorage\redhat.java\1.46.2025090608\config_ss_win -data c:\Users\Etudiant\AppData\Roaming\Code\User\workspaceStorage\81099681aa12d93b77fdb196302db636\redhat.java\ss_ws --pipe=\\.\pipe\lsp-5b19638fe4977543cb7ff02a8ce33b44-sock

Host: Intel(R) Core(TM) i7-6700 CPU @ 3.40GHz, 8 cores, 15G,  Windows 11 , 64 bit Build 26100 (10.0.26100.4202)
Time: Mon Sep  8 09:01:10 2025 elapsed time: 1.167361 seconds (0d 0h 0m 1s)

---------------  T H R E A D  ---------------

Current thread (0x000001bbe8e4e040):  JavaThread "Unknown thread" [_thread_in_vm, id=18976, stack(0x00000055ba100000,0x00000055ba200000) (1024K)]

Stack: [0x00000055ba100000,0x00000055ba200000]
Native frames: (J=compiled Java code, j=interpreted, Vv=VM code, C=native code)
V  [jvm.dll+0x6d2449]
V  [jvm.dll+0x8ae341]
V  [jvm.dll+0x8b08be]
V  [jvm.dll+0x8b0fa3]
V  [jvm.dll+0x280c96]
V  [jvm.dll+0xc0347]
V  [jvm.dll+0x706540]
V  [jvm.dll+0x7070ac]
V  [jvm.dll+0x6e0f43]
V  [jvm.dll+0x877c7c]
V  [jvm.dll+0x3becec]
V  [jvm.dll+0x8606d8]
V  [jvm.dll+0x4530ee]
V  [jvm.dll+0x454d31]
C  [jli.dll+0x5278]
C  [ucrtbase.dll+0x37b0]
C  [KERNEL32.DLL+0x2e8d7]
C  [ntdll.dll+0x3c34c]


---------------  P R O C E S S  ---------------

Threads class SMR info:
_java_thread_list=0x000001bbeb15d350, length=1, elements={
0x000001bbe8e4e040
}

Java Threads: ( => current thread )
=>0x000001bbe8e4e040 JavaThread "Unknown thread"             [_thread_in_vm, id=18976, stack(0x00000055ba100000,0x00000055ba200000) (1024K)]
Total: 1

Other Threads:
  0x000001bbeb283090 WatcherThread "VM Periodic Task Thread"        [id=11260, stack(0x00000055ba300000,0x00000055ba400000) (1024K)]
  0x000001bbeb157f40 WorkerThread "GC Thread#0"                     [id=4996, stack(0x00000055ba200000,0x00000055ba300000) (1024K)]
Total: 2

Threads with active compile tasks:
Total: 0

VM state: not at safepoint (normal execution)

VM Mutex/Monitor currently owned by a thread: None

Heap address: 0x0000000080000000, size: 2048 MB, Compressed Oops mode: 32-bit

CDS archive(s) mapped at: [0x000001bb84000000-0x000001bb84ba0000-0x000001bb84ba0000), size 12189696, SharedBaseAddress: 0x000001bb84000000, ArchiveRelocationMode: 1.
Compressed class space mapped at: 0x000001bb85000000-0x000001bbc5000000, reserved size: 1073741824
Narrow klass base: 0x000001bb84000000, Narrow klass shift: 0, Narrow klass range: 0x100000000

GC Precious Log:
 CardTable entry size: 512
 CPUs: 8 total, 8 available
 Memory: 16254M
 Large Page Support: Disabled
 NUMA Support: Disabled
 Compressed Oops: Enabled (32-bit)
 Alignments: Space 512K, Generation 512K, Heap 2M
 Heap Min Capacity: 100M
 Heap Initial Capacity: 100M
 Heap Max Capacity: 2G
 Pre-touch: Disabled
 Parallel Workers: 8

Heap:
 PSYoungGen      total 29696K, used 512K [0x00000000d5580000, 0x00000000d7680000, 0x0000000100000000)
  eden space 25600K, 2% used [0x00000000d5580000,0x00000000d5600020,0x00000000d6e80000)
  from space 4096K, 0% used [0x00000000d7280000,0x00000000d7280000,0x00000000d7680000)
  to   space 4096K, 0% used [0x00000000d6e80000,0x00000000d6e80000,0x00000000d7280000)
 ParOldGen       total 68608K, used 0K [0x0000000080000000, 0x0000000084300000, 0x00000000d5580000)
  object space 68608K, 0% used [0x0000000080000000,0x0000000080000000,0x0000000084300000)
 Metaspace       used 0K, committed 0K, reserved 1048576K
  class space    used 0K, committed 0K, reserved 1048576K

Card table byte_map: [0x000001bbeb520000,0x000001bbeb930000] _byte_map_base: 0x000001bbeb120000

Marking Bits: (ParMarkBitMap*) 0x00007ffa16dda340
 Begin Bits: [0x000001bb80000000, 0x000001bb82000000)
 End Bits:   [0x000001bb82000000, 0x000001bb84000000)

Polling page: 0x000001bbea9a0000

Metaspace:

Usage:
  Non-class:      0 bytes used.
      Class:      0 bytes used.
       Both:      0 bytes used.

Virtual space:
  Non-class space:        0 bytes reserved,       0 bytes (  ?%) committed,  0 nodes.
      Class space:        1.00 GB reserved,       0 bytes (  0%) committed,  1 nodes.
             Both:        1.00 GB reserved,       0 bytes (  0%) committed. 

Chunk freelists:
   Non-Class:  0 bytes
       Class:  16.00 MB
        Both:  16.00 MB

MaxMetaspaceSize: unlimited
CompressedClassSpaceSize: 1.00 GB
Initial GC threshold: 21.00 MB
Current GC threshold: 17179869184.00 GB
CDS: on
 - commit_granule_bytes: 65536.
 - commit_granule_words: 8192.
 - virtual_space_node_default_size: 8388608.
 - enlarge_chunks_in_place: 1.
 - use_allocation_guard: 0.


Internal statistics:

num_allocs_failed_limit: 0.
num_arena_births: 0.
num_arena_deaths: 0.
num_vsnodes_births: 1.
num_vsnodes_deaths: 0.
num_space_committed: 0.
num_space_uncommitted: 0.
num_chunks_returned_to_freelist: 0.
num_chunks_taken_from_freelist: 1.
num_chunk_merges: 0.
num_chunk_splits: 1.
num_chunks_enlarged: 0.
num_inconsistent_stats: 0.

CodeHeap 'non-profiled nmethods': size=120000Kb used=0Kb max_used=0Kb free=120000Kb
 bounds [0x000001bbf6640000, 0x000001bbf68b0000, 0x000001bbfdb70000]
CodeHeap 'profiled nmethods': size=120000Kb used=0Kb max_used=0Kb free=120000Kb
 bounds [0x000001bbeeb70000, 0x000001bbeede0000, 0x000001bbf60a0000]
CodeHeap 'non-nmethods': size=5760Kb used=194Kb max_used=342Kb free=5565Kb
 bounds [0x000001bbf60a0000, 0x000001bbf6310000, 0x000001bbf6640000]
CodeCache: size=245760Kb, used=194Kb, max_used=342Kb, free=245565Kb
 total_blobs=70, nmethods=0, adapters=48, full_count=0
Compilation: enabled, stopped_count=0, restarted_count=0

Compilation events (0 events):
No events

GC Heap History (0 events):
No events

Dll operation events (1 events):
Event: 0.119 Loaded shared library c:\Users\Etudiant\.vscode\extensions\redhat.java-1.46.2025090608-win32-x64\jre\21.0.8-win32-x86_64\bin\java.dll

Deoptimization events (0 events):
No events

Classes loaded (0 events):
No events

Classes unloaded (0 events):
No events

Classes redefined (0 events):
No events

Internal exceptions (0 events):
No events

ZGC Phase Switch (0 events):
No events

VM Operations (0 events):
No events

Memory protections (0 events):
No events

Nmethod flushes (0 events):
No events

Events (1 events):
Event: 0.151 Thread 0x000001bbe8e4e040 Thread added: 0x000001bbe8e4e040


Dynamic libraries:
0x00007ff6abeb0000 - 0x00007ff6abebe000 	c:\Users\Etudiant\.vscode\extensions\redhat.java-1.46.2025090608-win32-x64\jre\21.0.8-win32-x86_64\bin\java.exe
0x00007ffa5d360000 - 0x00007ffa5d5c5000 	C:\WINDOWS\SYSTEM32\ntdll.dll
0x00007ffa5bfa0000 - 0x00007ffa5c069000 	C:\WINDOWS\System32\KERNEL32.DLL
0x00007ffa5a4b0000 - 0x00007ffa5a898000 	C:\WINDOWS\System32\KERNELBASE.dll
0x00007ffa57270000 - 0x00007ffa5730e000 	C:\WINDOWS\SYSTEM32\apphelp.dll
0x00007ffa5aaf0000 - 0x00007ffa5ac3b000 	C:\WINDOWS\System32\ucrtbase.dll
0x00007ffa55280000 - 0x00007ffa5529e000 	c:\Users\Etudiant\.vscode\extensions\redhat.java-1.46.2025090608-win32-x64\jre\21.0.8-win32-x86_64\bin\VCRUNTIME140.dll
0x00007ffa53110000 - 0x00007ffa53128000 	c:\Users\Etudiant\.vscode\extensions\redhat.java-1.46.2025090608-win32-x64\jre\21.0.8-win32-x86_64\bin\jli.dll
0x00007ffa5b100000 - 0x00007ffa5b2ca000 	C:\WINDOWS\System32\USER32.dll
0x00007ffa5a8a0000 - 0x00007ffa5a8c7000 	C:\WINDOWS\System32\win32u.dll
0x00007ffa5b380000 - 0x00007ffa5b3ab000 	C:\WINDOWS\System32\GDI32.dll
0x00007ffa5af30000 - 0x00007ffa5b067000 	C:\WINDOWS\System32\gdi32full.dll
0x00007ffa398c0000 - 0x00007ffa39b5a000 	C:\WINDOWS\WinSxS\amd64_microsoft.windows.common-controls_6595b64144ccf1df_6.0.26100.4202_none_3e0698d4e335f517\COMCTL32.dll
0x00007ffa5b5f0000 - 0x00007ffa5b699000 	C:\WINDOWS\System32\msvcrt.dll
0x00007ffa5ae80000 - 0x00007ffa5af23000 	C:\WINDOWS\System32\msvcp_win.dll
0x00007ffa5c6a0000 - 0x00007ffa5c6d0000 	C:\WINDOWS\System32\IMM32.DLL
0x00007ffa3f630000 - 0x00007ffa3f79b000 	C:\Windows\system32\tmumh\20019\AddOn\8.55.0.1129\TmUmEvt64.dll
0x00007ffa5c450000 - 0x00007ffa5c458000 	C:\WINDOWS\System32\PSAPI.DLL
0x00007ffa5bed0000 - 0x00007ffa5bf83000 	C:\WINDOWS\System32\ADVAPI32.dll
0x00007ffa5b2d0000 - 0x00007ffa5b376000 	C:\WINDOWS\System32\sechost.dll
0x00007ffa5c460000 - 0x00007ffa5c575000 	C:\WINDOWS\System32\RPCRT4.dll
0x000000006a3a0000 - 0x000000006a513000 	C:\Windows\system32\tmumh\20019\TmMon\2.9.0.1048\tmmon64.dll
0x00007ffa55270000 - 0x00007ffa5527c000 	c:\Users\Etudiant\.vscode\extensions\redhat.java-1.46.2025090608-win32-x64\jre\21.0.8-win32-x86_64\bin\vcruntime140_1.dll
0x00007ffa35dd0000 - 0x00007ffa35e5d000 	c:\Users\Etudiant\.vscode\extensions\redhat.java-1.46.2025090608-win32-x64\jre\21.0.8-win32-x86_64\bin\msvcp140.dll
0x00007ffa16120000 - 0x00007ffa16eb7000 	c:\Users\Etudiant\.vscode\extensions\redhat.java-1.46.2025090608-win32-x64\jre\21.0.8-win32-x86_64\bin\server\jvm.dll
0x00007ffa5c310000 - 0x00007ffa5c384000 	C:\WINDOWS\System32\WS2_32.dll
0x00007ffa5a300000 - 0x00007ffa5a35e000 	C:\WINDOWS\SYSTEM32\POWRPROF.dll
0x00007ffa44000000 - 0x00007ffa44035000 	C:\WINDOWS\SYSTEM32\WINMM.dll
0x00007ffa58dd0000 - 0x00007ffa58ddb000 	C:\WINDOWS\SYSTEM32\VERSION.dll
0x00007ffa5a2e0000 - 0x00007ffa5a2f4000 	C:\WINDOWS\SYSTEM32\UMPDC.dll
0x00007ffa59230000 - 0x00007ffa5924b000 	C:\WINDOWS\SYSTEM32\kernel.appcore.dll
0x00007ffa530f0000 - 0x00007ffa530fa000 	c:\Users\Etudiant\.vscode\extensions\redhat.java-1.46.2025090608-win32-x64\jre\21.0.8-win32-x86_64\bin\jimage.dll
0x00007ffa39d30000 - 0x00007ffa39f71000 	C:\WINDOWS\SYSTEM32\DBGHELP.DLL
0x00007ffa5c6e0000 - 0x00007ffa5ca65000 	C:\WINDOWS\System32\combase.dll
0x00007ffa5c070000 - 0x00007ffa5c151000 	C:\WINDOWS\System32\OLEAUT32.dll
0x00007ffa3cb70000 - 0x00007ffa3cba9000 	C:\WINDOWS\SYSTEM32\dbgcore.DLL
0x00007ffa5aa50000 - 0x00007ffa5aae9000 	C:\WINDOWS\System32\bcryptPrimitives.dll
0x00007ffa530e0000 - 0x00007ffa530ef000 	c:\Users\Etudiant\.vscode\extensions\redhat.java-1.46.2025090608-win32-x64\jre\21.0.8-win32-x86_64\bin\instrument.dll
0x00007ffa4e380000 - 0x00007ffa4e39f000 	c:\Users\Etudiant\.vscode\extensions\redhat.java-1.46.2025090608-win32-x64\jre\21.0.8-win32-x86_64\bin\java.dll

JVMTI agents:
c:\Users\Etudiant\.vscode\extensions\redhat.java-1.46.2025090608-win32-x64\lombok\lombok-1.18.39-4050.jar path:none, loaded, not initialized, instrumentlib options:none

dbghelp: loaded successfully - version: 4.0.5 - missing functions: none
symbol engine: initialized successfully - sym options: 0x614 - pdb path: .;c:\Users\Etudiant\.vscode\extensions\redhat.java-1.46.2025090608-win32-x64\jre\21.0.8-win32-x86_64\bin;C:\WINDOWS\SYSTEM32;C:\WINDOWS\WinSxS\amd64_microsoft.windows.common-controls_6595b64144ccf1df_6.0.26100.4202_none_3e0698d4e335f517;C:\Windows\system32\tmumh\20019\AddOn\8.55.0.1129;C:\Windows\system32\tmumh\20019\TmMon\2.9.0.1048;c:\Users\Etudiant\.vscode\extensions\redhat.java-1.46.2025090608-win32-x64\jre\21.0.8-win32-x86_64\bin\server

VM Arguments:
jvm_args: --add-modules=ALL-SYSTEM --add-opens=java.base/java.util=ALL-UNNAMED --add-opens=java.base/java.lang=ALL-UNNAMED --add-opens=java.base/sun.nio.fs=ALL-UNNAMED -Declipse.application=org.eclipse.jdt.ls.core.id1 -Dosgi.bundles.defaultStartLevel=4 -Declipse.product=org.eclipse.jdt.ls.core.product -Djava.import.generatesMetadataFilesAtProjectRoot=false -DDetectVMInstallationsJob.disabled=true -Dfile.encoding=utf8 -XX:+UseParallelGC -XX:GCTimeRatio=4 -XX:AdaptiveSizePolicyWeight=90 -Dsun.zip.disableMemoryMapping=true -Xmx2G -Xms100m -Xlog:disable -javaagent:c:\Users\Etudiant\.vscode\extensions\redhat.java-1.46.2025090608-win32-x64\lombok\lombok-1.18.39-4050.jar 
java_command: c:\Users\Etudiant\.vscode\extensions\redhat.java-1.46.2025090608-win32-x64\server\plugins\org.eclipse.equinox.launcher_1.7.0.v20250519-0528.jar -configuration c:\Users\Etudiant\AppData\Roaming\Code\User\globalStorage\redhat.java\1.46.2025090608\config_ss_win -data c:\Users\Etudiant\AppData\Roaming\Code\User\workspaceStorage\81099681aa12d93b77fdb196302db636\redhat.java\ss_ws --pipe=\\.\pipe\lsp-5b19638fe4977543cb7ff02a8ce33b44-sock
java_class_path (initial): c:\Users\Etudiant\.vscode\extensions\redhat.java-1.46.2025090608-win32-x64\server\plugins\org.eclipse.equinox.launcher_1.7.0.v20250519-0528.jar
Launcher Type: SUN_STANDARD

[Global flags]
    uintx AdaptiveSizePolicyWeight                 = 90                                        {product} {command line}
     intx CICompilerCount                          = 4                                         {product} {ergonomic}
    uintx GCTimeRatio                              = 4                                         {product} {command line}
   size_t InitialHeapSize                          = 104857600                                 {product} {command line}
   size_t MaxHeapSize                              = 2147483648                                {product} {command line}
   size_t MaxNewSize                               = 715653120                                 {product} {ergonomic}
   size_t MinHeapDeltaBytes                        = 524288                                    {product} {ergonomic}
   size_t MinHeapSize                              = 104857600                                 {product} {command line}
   size_t NewSize                                  = 34603008                                  {product} {ergonomic}
    uintx NonNMethodCodeHeapSize                   = 5839372                                {pd product} {ergonomic}
    uintx NonProfiledCodeHeapSize                  = 122909434                              {pd product} {ergonomic}
   size_t OldSize                                  = 70254592                                  {product} {ergonomic}
    uintx ProfiledCodeHeapSize                     = 122909434                              {pd product} {ergonomic}
    uintx ReservedCodeCacheSize                    = 251658240                              {pd product} {ergonomic}
     bool SegmentedCodeCache                       = true                                      {product} {ergonomic}
   size_t SoftMaxHeapSize                          = 2147483648                             {manageable} {ergonomic}
     bool UseCompressedOops                        = true                           {product lp64_product} {ergonomic}
     bool UseLargePagesIndividualAllocation        = false                                  {pd product} {ergonomic}
     bool UseParallelGC                            = true                                      {product} {command line}

Logging:
Log output configuration:
 #0: stdout all=off uptime,level,tags foldmultilines=false
 #1: stderr all=off uptime,level,tags foldmultilines=false

Environment Variables:
PATH=C:\Program Files\Python313\Scripts\;C:\Program Files\Python313\;C:\mingw64\bin;C:\Program Files\Common Files\Oracle\Java\javapath;C:\Program Files (x86)\Common Files\Oracle\Java\java8path;C:\Program Files (x86)\Common Files\Oracle\Java\javapath;C:\WINDOWS\system32;C:\WINDOWS;C:\WINDOWS\System32\Wbem;C:\WINDOWS\System32\WindowsPowerShell\v1.0\;C:\WINDOWS\System32\OpenSSH\;C:\Program Files\PuTTY\;C:\Program Files\nodejs\;C:\Program Files\dotnet\;C:\ProgramData\chocolatey\bin;C:\ProgramData\chocolatey\lib\maven\apache-maven-3.9.9\bin;C:\Program Files\Docker\Docker\resources\bin;C:\Program Files\php\php-8.4.7;C:\Users\Etudiant\AppData\Local\Microsoft\WindowsApps;C:\Users\Etudiant\AppData\Local\Programs\Git\cmd;C:\Users\Etudiant\AppData\Roaming\npm;C:\Users\Etudiant\AppData\Local\GitHubDesktop\bin
USERNAME=Etudiant
OS=Windows_NT
PROCESSOR_IDENTIFIER=Intel64 Family 6 Model 94 Stepping 3, GenuineIntel
TMP=C:\Users\Etudiant\AppData\Local\Temp
TEMP=C:\Users\Etudiant\AppData\Local\Temp




Periodic native trim disabled

---------------  S Y S T E M  ---------------

OS:
 Windows 11 , 64 bit Build 26100 (10.0.26100.4202)
OS uptime: 0 days 0:43 hours
Hyper-V role detected

CPU: total 8 (initial active 8) (4 cores per cpu, 2 threads per core) family 6 model 94 stepping 3 microcode 0xf0, cx8, cmov, fxsr, ht, mmx, 3dnowpref, sse, sse2, sse3, ssse3, sse4.1, sse4.2, popcnt, lzcnt, tsc, tscinvbit, avx, avx2, aes, erms, clmul, bmi1, bmi2, rtm, adx, fma, vzeroupper, clflush, clflushopt, hv, rdtscp, f16c
Processor Information for the first 8 processors :
  Max Mhz: 3408, Current Mhz: 3408, Mhz Limit: 3408

Memory: 4k page, system-wide physical 16254M (1140M free)
TotalPageFile size 16254M (AvailPageFile size 24M)
current process WorkingSet (physical memory assigned to process): 29M, peak: 29M
current process commit charge ("private bytes"): 196M, peak: 197M

vm_info: OpenJDK 64-Bit Server VM (21.0.8+9-LTS) for windows-amd64 JRE (21.0.8+9-LTS), built on 2025-07-15T00:00:00Z by "admin" with MS VC++ 17.7 (VS2022)

END.
